[04-Dec-2016 00:24:29 Europe/Prague] PHP Fatal error:  Uncaught Error: Call to undefined function mysql_connect() in /var/www/html/dbconnect.php:12
Stack trace:
#0 /var/www/html/index.php(4): require_once()
#1 {main}
  thrown in /var/www/html/dbconnect.php on line 12
[04-Dec-2016 00:25:53 Europe/Prague] PHP Warning:  mysqli_connect(): (HY000/2002): Connection refused in /var/www/html/dbconnect.php on line 12
[04-Dec-2016 00:25:53 Europe/Prague] PHP Fatal error:  Uncaught Error: Call to undefined function mysql_select_db() in /var/www/html/dbconnect.php:13
Stack trace:
#0 /var/www/html/index.php(4): require_once()
#1 {main}
  thrown in /var/www/html/dbconnect.php on line 13
[04-Dec-2016 00:26:36 Europe/Prague] PHP Warning:  mysqli_connect(): (HY000/2002): Connection refused in /var/www/html/dbconnect.php on line 12
[04-Dec-2016 00:26:36 Europe/Prague] PHP Warning:  mysqli_select_db() expects exactly 2 parameters, 1 given in /var/www/html/dbconnect.php on line 13
[04-Dec-2016 00:26:36 Europe/Prague] PHP Fatal error:  Uncaught Error: Call to undefined function mysql_error() in /var/www/html/dbconnect.php:16
Stack trace:
#0 /var/www/html/index.php(4): require_once()
#1 {main}
  thrown in /var/www/html/dbconnect.php on line 16
[04-Dec-2016 00:27:15 Europe/Prague] PHP Warning:  mysqli_select_db() expects exactly 2 parameters, 1 given in /var/www/html/dbconnect.php on line 13
[04-Dec-2016 00:27:15 Europe/Prague] PHP Fatal error:  Uncaught Error: Call to undefined function mysql_error() in /var/www/html/dbconnect.php:20
Stack trace:
#0 /var/www/html/index.php(4): require_once()
#1 {main}
  thrown in /var/www/html/dbconnect.php on line 20
[04-Dec-2016 00:28:50 Europe/Prague] PHP Fatal error:  Uncaught Error: Call to undefined function mysql_query() in /var/www/html/index.php:44
Stack trace:
#0 {main}
  thrown in /var/www/html/index.php on line 44
[04-Dec-2016 00:29:45 Europe/Prague] PHP Warning:  mysqli_query() expects at least 2 parameters, 1 given in /var/www/html/index.php on line 44
[04-Dec-2016 00:29:45 Europe/Prague] PHP Fatal error:  Uncaught Error: Call to undefined function mysql_fetch_array() in /var/www/html/index.php:45
Stack trace:
#0 {main}
  thrown in /var/www/html/index.php on line 45
[04-Dec-2016 00:30:44 Europe/Prague] PHP Warning:  mysqli_query() expects at least 2 parameters, 1 given in /var/www/html/index.php on line 44
[04-Dec-2016 00:30:44 Europe/Prague] PHP Warning:  mysqli_fetch_array() expects parameter 1 to be mysqli_result, null given in /var/www/html/index.php on line 45
[04-Dec-2016 00:30:44 Europe/Prague] PHP Warning:  mysqli_num_rows() expects parameter 1 to be mysqli_result, null given in /var/www/html/index.php on line 46
[04-Dec-2016 00:30:50 Europe/Prague] PHP Warning:  mysqli_query() expects at least 2 parameters, 1 given in /var/www/html/index.php on line 44
[04-Dec-2016 00:30:50 Europe/Prague] PHP Warning:  mysqli_fetch_array() expects parameter 1 to be mysqli_result, null given in /var/www/html/index.php on line 45
[04-Dec-2016 00:30:50 Europe/Prague] PHP Warning:  mysqli_num_rows() expects parameter 1 to be mysqli_result, null given in /var/www/html/index.php on line 46
[04-Dec-2016 00:34:24 Europe/Prague] PHP Fatal error:  Uncaught Error: Call to undefined function mysql_query() in /var/www/html/register.php:45
Stack trace:
#0 {main}
  thrown in /var/www/html/register.php on line 45
[04-Dec-2016 00:37:14 Europe/Prague] PHP Fatal error:  Uncaught Error: Call to undefined function mysql_query() in /var/www/html/register.php:45
Stack trace:
#0 {main}
  thrown in /var/www/html/register.php on line 45
[04-Dec-2016 01:26:00 Europe/Prague] PHP Fatal error:  Uncaught Error: Call to undefined function mysql_query() in /var/www/html/register.php:45
Stack trace:
#0 {main}
  thrown in /var/www/html/register.php on line 45
[04-Dec-2016 05:21:39 Europe/Prague] PHP Fatal error:  Uncaught Error: Call to undefined function mysql_query() in /var/www/html/register.php:45
Stack trace:
#0 {main}
  thrown in /var/www/html/register.php on line 45
[04-Dec-2016 05:25:17 Europe/Prague] PHP Fatal error:  Uncaught Error: Call to undefined function mysql_num_rows() in /var/www/html/register.php:46
Stack trace:
#0 {main}
  thrown in /var/www/html/register.php on line 46
[04-Dec-2016 05:26:34 Europe/Prague] PHP Fatal error:  Uncaught Error: Call to undefined function mysql_query() in /var/www/html/register.php:68
Stack trace:
#0 {main}
  thrown in /var/www/html/register.php on line 68
[04-Dec-2016 05:27:33 Europe/Prague] PHP Fatal error:  Uncaught Error: Call to undefined function mysql_query() in /var/www/html/home.php:12
Stack trace:
#0 {main}
  thrown in /var/www/html/home.php on line 12
[04-Dec-2016 05:28:36 Europe/Prague] PHP Warning:  mysqli_query() expects at least 2 parameters, 1 given in /var/www/html/home.php on line 12
[04-Dec-2016 05:28:36 Europe/Prague] PHP Warning:  mysqli_fetch_array() expects parameter 1 to be mysqli_result, null given in /var/www/html/home.php on line 13
[04-Dec-2016 05:28:37 Europe/Prague] PHP Warning:  mysqli_query() expects at least 2 parameters, 1 given in /var/www/html/home.php on line 12
[04-Dec-2016 05:28:37 Europe/Prague] PHP Warning:  mysqli_fetch_array() expects parameter 1 to be mysqli_result, null given in /var/www/html/home.php on line 13
[04-Dec-2016 05:28:48 Europe/Prague] PHP Warning:  mysqli_query() expects at least 2 parameters, 1 given in /var/www/html/home.php on line 12
[04-Dec-2016 05:28:48 Europe/Prague] PHP Warning:  mysqli_fetch_array() expects parameter 1 to be mysqli_result, null given in /var/www/html/home.php on line 13
[04-Dec-2016 05:29:02 Europe/Prague] PHP Warning:  mysqli_query() expects at least 2 parameters, 1 given in /var/www/html/home.php on line 12
[04-Dec-2016 05:29:02 Europe/Prague] PHP Warning:  mysqli_fetch_array() expects parameter 1 to be mysqli_result, null given in /var/www/html/home.php on line 13
[04-Dec-2016 05:30:28 Europe/Prague] PHP Warning:  mysqli_query() expects at least 2 parameters, 1 given in /var/www/html/home.php on line 12
[04-Dec-2016 05:30:28 Europe/Prague] PHP Warning:  mysqli_fetch_row() expects parameter 1 to be mysqli_result, null given in /var/www/html/home.php on line 13
[04-Dec-2016 05:32:45 Europe/Prague] PHP Warning:  mysqli_query() expects at least 2 parameters, 1 given in /var/www/html/home.php on line 12
[04-Dec-2016 05:32:45 Europe/Prague] PHP Warning:  mysqli_fetch_array() expects parameter 1 to be mysqli_result, null given in /var/www/html/home.php on line 13
[04-Dec-2016 05:32:47 Europe/Prague] PHP Warning:  mysqli_query() expects at least 2 parameters, 1 given in /var/www/html/home.php on line 12
[04-Dec-2016 05:32:47 Europe/Prague] PHP Warning:  mysqli_fetch_array() expects parameter 1 to be mysqli_result, null given in /var/www/html/home.php on line 13
[04-Dec-2016 05:32:50 Europe/Prague] PHP Warning:  mysqli_query() expects at least 2 parameters, 1 given in /var/www/html/home.php on line 12
[04-Dec-2016 05:32:50 Europe/Prague] PHP Warning:  mysqli_fetch_array() expects parameter 1 to be mysqli_result, null given in /var/www/html/home.php on line 13
